2022-03-06 18:57 [START] Logging Started
2022-03-06 18:57 [RESULT] ERROR Password not set
2022-03-06 18:58 [START] Logging Started
2022-03-06 18:58 [RESULT] ERROR Password not set
2022-03-06 18:58 [RESULT] ERROR Password not set
2022-03-06 18:58 [RESULT] ERROR Password not set
2022-03-06 19:00 [START] Logging Started
2022-03-06 19:00 [RESULT] ERROR Password not set
2022-03-06 19:00 [RESULT] PASSKEY password
2022-03-06 19:00 [RESULT] ESULT Password set
2022-03-06 19:01 [RESULT] ENCRYPT password
2022-03-06 19:01 [RESULT] ESULT CWKHJKJS
2022-03-06 19:01 [STOP] Logging Stopped
2022-03-06 20:07 [START] Logging Started
2022-03-06 20:07 [ERROR] Password not set
2022-03-06 20:08 [PASSKEY] neil
2022-03-06 20:08 [RESULT] Password set
2022-03-06 20:08 [ENCRYPT] hello
2022-03-06 20:08 [RESULT] UADAB
2022-03-06 20:08 [DECRYPT] hello
2022-03-06 20:08 [RESULT] UITWB
2022-03-06 20:08 [STOP] Logging Stopped
2022-03-06 20:13 [START] Logging Started
2022-03-06 20:13 [PASSKEY] special
2022-03-06 20:13 [RESULT] Password set
2022-03-06 20:14 [ENCRYPT] encrypt
2022-03-06 20:14 [RESULT] RJUGLLL
2022-03-06 20:14 [DECRYPT] RJUGLLL
2022-03-06 20:14 [RESULT] ENCRYPT
2022-03-06 20:14 [STOP] Logging Stopped
